\BOOKMARK [1][-]{section*.2}{\376\377\000A\000c\000t\000i\000v\000i\000d\000a\000d\000e\000s\000\040\000e\000n\000\040\000C\000l\000a\000s\000e}{}% 1
\BOOKMARK [2][-]{section*.3}{\376\377\000M\000a\000t\000r\000i\000c\000e\000s\000\040\000y\000\040\000D\000e\000t\000e\000r\000m\000i\000n\000a\000n\000t\000e\000s}{section*.2}% 2
\BOOKMARK [3][-]{section*.4}{\376\377\000Q\000u\000e\000\040\000e\000s\000\040\000u\000n\000a\000\040\000m\000a\000t\000r\000i\000z\000?}{section*.3}% 3
\BOOKMARK [3][-]{section*.6}{\376\377\000D\000i\000m\000e\000n\000s\000i\000o\000n\000e\000s\000\040\000d\000e\000\040\000u\000n\000a\000\040\000m\000a\000t\000r\000i\000z}{section*.3}% 4
\BOOKMARK [3][-]{section*.7}{\376\377\000T\000i\000p\000o\000s\000\040\000d\000e\000\040\000M\000a\000t\000r\000i\000c\000e\000s}{section*.3}% 5
\BOOKMARK [4][-]{section*.8}{\376\377\000M\000a\000t\000r\000i\000z\000\040\000F\000i\000l\000a\000\040\000\050\000V\000e\000c\000t\000o\000r\000\040\000F\000i\000l\000a\000\051}{section*.7}% 6
\BOOKMARK [4][-]{section*.9}{\376\377\000M\000a\000t\000r\000i\000z\000\040\000C\000o\000l\000u\000m\000n\000a\000\040\000\050\000V\000e\000c\000t\000o\000r\000\040\000C\000o\000l\000u\000m\000n\000a\000\051}{section*.7}% 7
\BOOKMARK [4][-]{section*.10}{\376\377\000M\000a\000t\000r\000i\000z\000\040\000N\000u\000l\000a}{section*.7}% 8
\BOOKMARK [4][-]{section*.11}{\376\377\000M\000a\000t\000r\000i\000z\000\040\000C\000u\000a\000d\000r\000a\000d\000a}{section*.7}% 9
\BOOKMARK [5][-]{section*.13}{}{section*.11}% 10
\BOOKMARK [4][-]{section*.14}{\376\377\000D\000i\000a\000g\000o\000n\000a\000l\000\040\000M\000a\000y\000o\000r}{section*.7}% 11
\BOOKMARK [4][-]{section*.15}{\376\377\000D\000i\000a\000g\000o\000n\000a\000l\000\040\000M\000e\000n\000o\000r}{section*.7}% 12
\BOOKMARK [4][-]{section*.16}{\376\377\000T\000r\000a\000z\000a}{section*.7}% 13
\BOOKMARK [5][-]{section*.18}{}{section*.16}% 14
\BOOKMARK [4][-]{section*.19}{\376\377\000T\000r\000i\000a\000n\000g\000u\000l\000a\000r\000\040\000S\000u\000p\000e\000r\000i\000o\000r}{section*.7}% 15
\BOOKMARK [4][-]{section*.20}{\376\377\000T\000r\000i\000a\000n\000g\000u\000l\000a\000r\000\040\000I\000n\000f\000e\000r\000i\000o\000r}{section*.7}% 16
\BOOKMARK [4][-]{section*.21}{\376\377\000M\000a\000t\000r\000i\000z\000\040\000D\000i\000a\000g\000o\000n\000a\000l}{section*.7}% 17
\BOOKMARK [4][-]{section*.22}{\376\377\000M\000a\000t\000r\000i\000z\000\040\000i\000d\000e\000n\000t\000i\000d\000a\000d\000\040\000o\000\040\000u\000n\000i\000d\000a\000d}{section*.7}% 18
\BOOKMARK [4][-]{section*.23}{\376\377\000M\000a\000t\000r\000i\000z\000\040\000E\000s\000c\000a\000l\000a\000r}{section*.7}% 19
\BOOKMARK [3][-]{section*.24}{\376\377\000S\000u\000m\000a\000\040\000d\000e\000\040\000M\000a\000t\000r\000i\000c\000e\000s}{section*.3}% 20
\BOOKMARK [3][-]{section*.26}{\376\377\000R\000e\000s\000t\000a\000\040\000d\000e\000\040\000M\000a\000t\000r\000i\000c\000e\000s}{section*.3}% 21
\BOOKMARK [3][-]{section*.28}{\376\377\000P\000r\000o\000d\000u\000c\000t\000o\000\040\000D\000e\000\040\000U\000n\000a\000\040\000M\000a\000t\000r\000i\000z\000\040\000P\000o\000r\000\040\000U\000n\000\040\000E\000s\000c\000a\000l\000a\000r\000/\000R\000e\000a\000l}{section*.3}% 22
\BOOKMARK [3][-]{section*.30}{\376\377\000M\000u\000l\000t\000i\000p\000l\000i\000c\000a\000c\000i\000\363\000n\000\040\000d\000e\000\040\000M\000a\000t\000r\000i\000c\000e\000s}{section*.3}% 23
\BOOKMARK [3][-]{section*.31}{\376\377\000D\000e\000t\000e\000r\000m\000i\000n\000a\000n\000t\000e\000s}{section*.3}% 24
\BOOKMARK [4][-]{section*.32}{\376\377\000D\000e\000t\000e\000r\000m\000i\000n\000a\000n\000t\000e\000\040\0002\000x\0002}{section*.31}% 25
\BOOKMARK [4][-]{section*.33}{\376\377\000D\000e\000t\000e\000r\000m\000i\000n\000a\000n\000t\000e\000\040\0003\000x\0003\000\040\000-\000\040\000R\000e\000g\000l\000a\000\040\000d\000e\000\040\000S\000a\000r\000r\000u\000s}{section*.31}% 26
\BOOKMARK [3][-]{section*.35}{\376\377\000M\000a\000t\000r\000i\000z\000\040\000T\000r\000a\000n\000s\000p\000u\000e\000s\000t\000a}{section*.3}% 27
\BOOKMARK [3][-]{section*.36}{\376\377\000I\000g\000u\000a\000l\000d\000a\000d\000\040\000d\000e\000\040\000M\000a\000t\000r\000i\000c\000e\000s}{section*.3}% 28
\BOOKMARK [3][-]{section*.38}{\376\377\000P\000r\000o\000d\000u\000c\000t\000o\000\040\000d\000e\000\040\000u\000n\000\040\000E\000s\000c\000a\000l\000a\000r\000\040\000p\000o\000r\000\040\000u\000n\000\040\000D\000e\000t\000e\000r\000m\000i\000n\000a\000n\000t\000e}{section*.3}% 29
\BOOKMARK [3][-]{section*.39}{\376\377\000M\000a\000t\000r\000i\000z\000\040\000A\000d\000j\000u\000n\000t\000a}{section*.3}% 30
\BOOKMARK [3][-]{section*.41}{\376\377\000M\000e\000n\000o\000r\000\040\000d\000e\000\040\000u\000n\000a\000\040\000M\000a\000t\000r\000i\000z}{section*.3}% 31
\BOOKMARK [4][-]{section*.42}{\376\377\000C\000o\000f\000a\000c\000t\000o\000r}{section*.41}% 32
\BOOKMARK [3][-]{section*.44}{\376\377\000C\000a\000l\000c\000u\000l\000o\000\040\000d\000e\000l\000\040\000d\000e\000t\000e\000r\000m\000i\000n\000a\000n\000t\000e\000\040\000p\000o\000r\000\040\000C\000o\000f\000a\000c\000t\000o\000r\000e\000s}{section*.3}% 33
\BOOKMARK [3][-]{section*.45}{\376\377\000M\000a\000t\000r\000i\000z\000\040\000i\000n\000v\000e\000r\000s\000a}{section*.3}% 34
\BOOKMARK [4][-]{section*.46}{\376\377\000P\000r\000o\000p\000i\000e\000d\000a\000d\000e\000s\000\040\000r\000e\000l\000e\000v\000a\000n\000t\000e\000s}{section*.45}% 35
\BOOKMARK [2][-]{section*.47}{\376\377\000F\000u\000n\000c\000i\000o\000n\000e\000s\000\040\000T\000r\000i\000g\000o\000n\000o\000m\000\351\000t\000r\000i\000c\000a\000s}{section*.2}% 36
\BOOKMARK [3][-]{section*.48}{\376\377\000G\000e\000o\000m\000\351\000t\000r\000i\000c\000a\000s}{section*.47}% 37
\BOOKMARK [4][-]{section*.49}{\376\377\000T\000i\000p\000o\000s\000\040\000d\000e\000\040\000A\000n\000g\000u\000l\000o\000s}{section*.48}% 38
\BOOKMARK [4][-]{section*.50}{\376\377\000C\000l\000a\000s\000i\000f\000i\000c\000a\000c\000i\000o\000n\000\040\000d\000e\000\040\000T\000r\000i\000a\000n\000g\000u\000l\000o\000s}{section*.48}% 39
\BOOKMARK [3][-]{section*.51}{\376\377\000T\000r\000i\000g\000o\000n\000o\000m\000\351\000t\000r\000i\000c\000a\000s}{section*.47}% 40
\BOOKMARK [4][-]{section*.52}{\376\377\000T\000e\000o\000r\000e\000m\000a\000\040\000d\000e\000\040\000P\000i\000t\000\341\000g\000o\000r\000a\000s}{section*.51}% 41
\BOOKMARK [4][-]{section*.53}{\376\377\000R\000a\000z\000o\000n\000e\000s\000\040\000T\000r\000i\000g\000o\000n\000o\000m\000\351\000t\000r\000i\000c\000a\000s}{section*.51}% 42
\BOOKMARK [4][-]{section*.54}{\376\377\000R\000e\000s\000o\000l\000u\000c\000i\000\363\000n\000\040\000d\000e\000\040\000T\000r\000i\000\341\000n\000g\000u\000l\000o\000s\000\040\000R\000e\000c\000t\000\341\000n\000g\000u\000l\000o\000s}{section*.51}% 43
\BOOKMARK [3][-]{section*.55}{\376\377\000L\000e\000y\000\040\000d\000e\000\040\000S\000e\000n\000o\000s\000\040\000y\000\040\000C\000o\000s\000e\000n\000o\000s}{section*.47}% 44
\BOOKMARK [4][-]{section*.56}{\376\377\000L\000e\000y\000\040\000d\000e\000\040\000S\000e\000n\000o\000s}{section*.55}% 45
\BOOKMARK [4][-]{section*.57}{\376\377\000L\000e\000y\000\040\000d\000e\000\040\000C\000o\000s\000e\000n\000o\000s}{section*.55}% 45
\BOOKMARK [4][-]{section*.58}{\376\377\000R\000e\000s\000o\000l\000u\000c\000i\000o\000n\000\040\000d\000e\000\040\000u\000n\000\040\000T\000r\000i\000a\000n\000g\000u\000l\000o\000\040\000O\000b\000l\000i\000c\000u\000a\000n\000g\000u\000l\000o}{section*.55}% 46
\BOOKMARK [3][-]{section*.59}{\376\377\000F\000u\000n\000c\000i\000o\000n\000e\000s}{section*.47}% 47
\BOOKMARK [3][-]{section*.60}{\376\377\000S\000i\000g\000n\000o\000s\000\040\000d\000e\000\040\000l\000a\000s\000\040\000f\000u\000n\000c\000i\000o\000n\000e\000s\000\040\000t\000r\000i\000g\000o\000n\000o\000m\000\351\000t\000r\000i\000c\000a\000s}{section*.47}% 48
\BOOKMARK [3][-]{section*.61}{\376\377\000I\000d\000e\000n\000t\000i\000d\000a\000d\000e\000s\000\040\000T\000r\000i\000g\000o\000n\000o\000m\000\351\000t\000r\000i\000c\000a\000s}{section*.47}% 49
\BOOKMARK [4][-]{section*.62}{\376\377\000I\000d\000e\000n\000t\000i\000d\000a\000d\000e\000s\000\040\000R\000e\000c\000i\000p\000r\000o\000c\000a\000s}{section*.61}% 50
\BOOKMARK [4][-]{section*.64}{\376\377\000A\000n\000g\000u\000l\000o\000s\000\040\000d\000o\000b\000l\000e\000s}{section*.61}% 51
\BOOKMARK [4][-]{section*.65}{\376\377\000E\000j\000e\000m\000p\000l\000o\000:}{section*.61}% 52
\BOOKMARK [2][-]{section*.66}{\376\377\000I\000n\000t\000r\000o\000d\000u\000c\000c\000i\000o\000n\000\040\000a\000\040\000l\000o\000s\000\040\000l\000i\000m\000i\000t\000e\000s}{section*.2}% 53
\BOOKMARK [3][-]{section*.67}{\376\377\000E\000c\000u\000a\000c\000i\000\363\000n\000\040\000d\000e\000l\000\040\000l\000i\000m\000i\000t\000e\000\040\000d\000e\000\040\000u\000n\000a\000\040\000f\000u\000n\000c\000i\000o\000n}{section*.66}% 54
\BOOKMARK [3][-]{section*.68}{\376\377\000E\000c\000u\000a\000c\000i\000\363\000n\000\040\000d\000e\000\040\000u\000n\000\040\000l\000i\000m\000i\000t\000e}{section*.66}% 55
\BOOKMARK [3][-]{section*.69}{\376\377\000L\000i\000m\000i\000t\000e\000\040\000a\000l\000\040\000i\000n\000f\000i\000n\000i\000t\000o}{section*.66}% 56
\BOOKMARK [3][-]{section*.70}{\376\377\000L\000i\000m\000i\000t\000e\000s\000\040\000C\000o\000n\000t\000i\000n\000u\000i\000d\000a\000d}{section*.66}% 57
\BOOKMARK [2][-]{section*.71}{\376\377\000D\000e\000r\000i\000v\000a\000d\000a\000s}{section*.2}% 58
\BOOKMARK [3][-]{section*.72}{\376\377\000D\000i\000f\000e\000r\000e\000n\000c\000i\000a\000b\000l\000e}{section*.71}% 59
\BOOKMARK [3][-]{section*.73}{\376\377\000R\000e\000g\000l\000a\000s\000\040\000d\000e\000\040\000d\000e\000r\000i\000v\000a\000c\000i\000o\000n}{section*.71}% 60
\BOOKMARK [3][-]{section*.74}{\376\377\000D\000e\000r\000i\000v\000a\000d\000a\000s\000\040\000d\000e\000\040\000f\000u\000n\000c\000i\000o\000n\000e\000s\000\040\000t\000r\000i\000g\000o\000n\000o\000m\000e\000t\000r\000i\000c\000a\000s}{section*.71}% 61
\BOOKMARK [4][-]{section*.76}{\376\377\000E\000j\000e\000m\000p\000l\000o\000:}{section*.74}% 62
\BOOKMARK [3][-]{section*.77}{\376\377\000R\000e\000g\000l\000a\000\040\000d\000e\000\040\000l\000a\000\040\000p\000o\000t\000e\000n\000c\000i\000a\000\040\000p\000a\000r\000a\000\040\000f\000u\000n\000c\000i\000o\000n\000e\000s}{section*.71}% 63
\BOOKMARK [4][-]{section*.78}{\376\377\000E\000j\000e\000m\000p\000l\000o\000\040\0001\000:}{section*.77}% 64
\BOOKMARK [4][-]{section*.79}{\376\377\000E\000j\000e\000m\000p\000l\000o\000\040\0002\000:}{section*.77}% 65
\BOOKMARK [3][-]{section*.80}{\376\377\000R\000e\000g\000l\000a\000\040\000d\000e\000\040\000l\000a\000\040\000c\000a\000d\000e\000n\000a}{section*.71}% 66
\BOOKMARK [4][-]{section*.81}{\376\377\000E\000j\000e\000m\000p\000l\000o\000\040\0001\000:}{section*.80}% 67
